Date: 03/24/2017    Time: 17:10:05
MSG  : 48248 - [Logs] "INIT" done
Date: 03/24/2017    Time: 17:11:42
Program error at 'ex_simplerestserver.4gl', line number 53.
FORMS statement error number -15565.
Cannot return incoming request : TCP input stream shut down..
Date: 03/29/2017    Time: 16:36:46
MSG  : 85803 - [Logs] "INIT" done
Date: 03/29/2017    Time: 16:38:30
Program error at 'ex_simplerestserver.4gl', line number 303.
SQL statement error number -450 (-1).
Illegal ESQL locator, or uninitialized blob variable in 4GL.
Date: 03/29/2017    Time: 16:55:53
MSG  : 86826 - [Logs] "INIT" done
Date: 03/31/2017    Time: 17:26:04
MSG  : 98559 - [Logs] "INIT" done
Date: 03/31/2017    Time: 17:26:04
MSGLOG : 98559 - [Server] "Main" Started
Date: 03/31/2017    Time: 17:26:04
MSGLOG : 98559 - [Server] "Main" The server is listening...
Date: 03/31/2017    Time: 17:26:26
MSGLOG : 98559 - [Server] "Main" Processing request...
Date: 03/31/2017    Time: 17:26:41
Program error at 'ex_simplerestserver.4gl', line number 54.
FORMS statement error number -15565.
Cannot return incoming request : TCP input stream shut down..
Date: 04/03/2017    Time: 22:57:02
MSG  : 18186 - [Logs] "INIT" done
Date: 04/03/2017    Time: 22:57:02
MSGLOG : 18186 - [Server] "Main" Started
Date: 04/03/2017    Time: 22:57:02
MSGLOG : 18186 - [Server] "Main" The server is listening...
Date: 04/03/2017    Time: 22:57:48
MSGLOG : 18186 - [Server] "Main" Processing request...
Date: 04/03/2017    Time: 22:58:21
Program error at 'ex_simplerestserver.4gl', line number 52.
FORMS statement error number -15565.
Cannot return incoming request : TCP input stream shut down..
Date: 04/03/2017    Time: 22:59:50
MSG  : 18239 - [Logs] "INIT" done
Date: 04/03/2017    Time: 22:59:50
MSGLOG : 18239 - [Server] "Main" Started
Date: 04/03/2017    Time: 22:59:50
MSGLOG : 18239 - [Server] "Main" The server is listening...
Date: 04/03/2017    Time: 22:59:57
MSGLOG : 18239 - [Server] "Main" Processing request...
Date: 04/03/2017    Time: 23:00:04
MSGLOG : 18239 - [Server] "Main" Processing request...
Date: 04/03/2017    Time: 23:00:04
Program error at 'ex_simplerestserver.4gl', line number 153.
FORMS statement error number -15555.
Unsupported request-response feature.
Date: 04/03/2017    Time: 23:02:03
MSG  : 18375 - [Logs] "INIT" done
Date: 04/03/2017    Time: 23:02:03
MSGLOG : 18375 - [Server] "Main" Started
Date: 04/03/2017    Time: 23:02:03
MSGLOG : 18375 - [Server] "Main" The server is listening...
Date: 04/03/2017    Time: 23:02:10
MSGLOG : 18375 - [Server] "Main" Processing request...
Date: 04/03/2017    Time: 23:03:45
MSG  : 18582 - [Logs] "INIT" done
Date: 04/03/2017    Time: 23:03:45
MSGLOG : 18582 - [Server] "Main" Started
Date: 04/03/2017    Time: 23:03:45
MSGLOG : 18582 - [Server] "Main" The server is listening...
Date: 04/03/2017    Time: 23:03:56
MSGLOG : 18582 - [Server] "Main" Processing request...
Date: 04/03/2017    Time: 23:05:17
Program error at 'ex_simplerestserver.4gl', line number 52.
FORMS statement error number -15565.
Cannot return incoming request : TCP input stream shut down..
Date: 04/03/2017    Time: 23:09:04
MSG  : 19005 - [Logs] "INIT" done
Date: 04/03/2017    Time: 23:09:04
MSGLOG : 19005 - [Server] "Main" Started
Date: 04/03/2017    Time: 23:09:04
MSGLOG : 19005 - [Server] "Main" The server is listening...
Date: 04/03/2017    Time: 23:09:11
MSGLOG : 19005 - [Server] "Main" Processing request...
Date: 04/03/2017    Time: 23:09:19
MSGLOG : 19005 - [Server] "Main" Processing request...
Date: 04/03/2017    Time: 23:09:31
Program error at 'ex_simplerestserver.4gl', line number 52.
FORMS statement error number -15565.
Cannot return incoming request : TCP input stream shut down..
Date: 04/03/2017    Time: 23:17:43
MSG  : 19143 - [Logs] "INIT" done
Date: 04/03/2017    Time: 23:17:43
MSGLOG : 19143 - [Server] "Main" Started
Date: 04/03/2017    Time: 23:17:43
MSGLOG : 19143 - [Server] "Main" The server is listening...
Date: 04/03/2017    Time: 23:17:53
MSGLOG : 19143 - [Server] "Main" Processing request...
Date: 04/03/2017    Time: 23:21:10
MSG  : 19374 - [Logs] "INIT" done
Date: 04/03/2017    Time: 23:21:10
MSGLOG : 19374 - [Server] "Main" Started
Date: 04/03/2017    Time: 23:21:10
MSGLOG : 19374 - [Server] "Main" The server is listening...
Date: 04/03/2017    Time: 23:21:14
MSGLOG : 19374 - [Server] "Main" Processing request...
Date: 04/03/2017    Time: 23:21:14
MSGLOG : 19374 - [Server] "Main" Processing request...
Date: 04/03/2017    Time: 23:21:38
MSGLOG : 19374 - [Server] "Main" Processing request...
Date: 04/03/2017    Time: 23:21:38
MSGLOG : 19374 - [Server] "Main" Processing request...
Date: 04/03/2017    Time: 23:21:58
Program error at 'ex_simplerestserver.4gl', line number 52.
FORMS statement error number -15565.
Cannot return incoming request : TCP input stream shut down..
Date: 04/03/2017    Time: 23:22:58
MSG  : 19414 - [Logs] "INIT" done
Date: 04/03/2017    Time: 23:22:58
MSGLOG : 19414 - [Server] "Main" Started
Date: 04/03/2017    Time: 23:22:58
MSGLOG : 19414 - [Server] "Main" The server is listening...
Date: 04/03/2017    Time: 23:23:04
MSGLOG : 19414 - [Server] "Main" Processing request...
Date: 04/03/2017    Time: 23:24:49
MSG  : 19452 - [Logs] "INIT" done
Date: 04/03/2017    Time: 23:24:49
MSGLOG : 19452 - [Server] "Main" Started
Date: 04/03/2017    Time: 23:24:49
MSGLOG : 19452 - [Server] "Main" The server is listening...
Date: 04/03/2017    Time: 23:24:56
MSGLOG : 19452 - [Server] "Main" Processing request...
Date: 04/03/2017    Time: 23:24:56
MSGLOG : 19452 - [Server] "Main" Processing request...
